[0m13:45:44.395573 [debug] [MainThread]: Sending event: {'category': 'dbt', 'action': 'invocation', 'label': 'start', 'context': [<snowplow_tracker.self_describing_json.SelfDescribingJson object at 0x0000023C5C66CDD0>, <snowplow_tracker.self_describing_json.SelfDescribingJson object at 0x0000023C5CC1AFD0>, <snowplow_tracker.self_describing_json.SelfDescribingJson object at 0x0000023C5C8784D0>]}


============================== 13:45:44.396807 | 4508e2c4-f76d-4b58-9424-a7802e4fd528 ==============================
[0m13:45:44.396807 [info ] [MainThread]: Running with dbt=1.6.2
[0m13:45:44.396807 [debug] [MainThread]: running dbt with arguments {'printer_width': '80', 'indirect_selection': 'eager', 'log_cache_events': 'False', 'write_json': 'True', 'partial_parse': 'True', 'cache_selected_only': 'False', 'warn_error': 'None', 'debug': 'False', 'version_check': 'True', 'log_path': 'logs', 'fail_fast': 'False', 'profiles_dir': 'C:\\Users\\krzysztof.nowak\\.dbt', 'use_colors': 'True', 'use_experimental_parser': 'False', 'no_print': 'None', 'quiet': 'False', 'log_format': 'default', 'introspect': 'True', 'warn_error_options': 'WarnErrorOptions(include=[], exclude=[])', 'invocation_command': 'dbt init jaffle_shop', 'target_path': 'None', 'static_parser': 'True', 'send_anonymous_usage_stats': 'True'}
[0m13:45:44.403419 [warn ] [MainThread]: [ConfigFolderDirectory]: Unable to parse dict {'dir': WindowsPath('C:/Users/krzysztof.nowak/.dbt')}
[0m13:45:44.403929 [info ] [MainThread]: Creating dbt configuration folder at 
[0m13:45:44.405514 [debug] [MainThread]: Starter project path: C:\Users\krzysztof.nowak\Documents\dbt-test2\dbt-env\Lib\site-packages\dbt\include\starter_project
[0m13:45:44.417191 [info ] [MainThread]: 
Your new dbt project "jaffle_shop" was created!

For more information on how to configure the profiles.yml file,
please consult the dbt documentation here:

  https://docs.getdbt.com/docs/configure-your-profile

One more thing:

Need help? Don't hesitate to reach out to us via GitHub issues or on Slack:

  https://community.getdbt.com/

Happy modeling!

[0m13:45:44.419037 [info ] [MainThread]: Setting up your profile.
[0m13:46:16.481791 [error] [MainThread]: Encountered an error:

[0m13:46:16.486132 [error] [MainThread]: Traceback (most recent call last):
  File "C:\Users\krzysztof.nowak\Documents\dbt-test2\dbt-env\Lib\site-packages\dbt\cli\requires.py", line 87, in wrapper
    result, success = func(*args, **kwargs)
                      ^^^^^^^^^^^^^^^^^^^^^
  File "C:\Users\krzysztof.nowak\Documents\dbt-test2\dbt-env\Lib\site-packages\dbt\cli\requires.py", line 72, in wrapper
    return func(*args, **kwargs)
           ^^^^^^^^^^^^^^^^^^^^^
  File "C:\Users\krzysztof.nowak\Documents\dbt-test2\dbt-env\Lib\site-packages\dbt\cli\main.py", line 468, in init
    results = task.run()
              ^^^^^^^^^^
  File "C:\Users\krzysztof.nowak\Documents\dbt-test2\dbt-env\Lib\site-packages\dbt\task\init.py", line 308, in run
    self.create_profile_from_target(adapter, profile_name=profile_name)
  File "C:\Users\krzysztof.nowak\Documents\dbt-test2\dbt-env\Lib\site-packages\dbt\task\init.py", line 179, in create_profile_from_target
    self.create_profile_from_profile_template(profile_template, profile_name)
  File "C:\Users\krzysztof.nowak\Documents\dbt-test2\dbt-env\Lib\site-packages\dbt\task\init.py", line 163, in create_profile_from_profile_template
    target = self.generate_target_from_input(prompts, initial_target)
             ^^^^^^^^^^^^^^^^^^^^^^^^^^^^^^^^^^^^^^^^^^^^^^^^^^^^^^^^
  File "C:\Users\krzysztof.nowak\Documents\dbt-test2\dbt-env\Lib\site-packages\dbt\task\init.py", line 129, in generate_target_from_input
    target[key] = click.prompt(
                  ^^^^^^^^^^^^^
  File "C:\Users\krzysztof.nowak\Documents\dbt-test2\dbt-env\Lib\site-packages\click\termui.py", line 164, in prompt
    value = prompt_func(prompt)
            ^^^^^^^^^^^^^^^^^^^
  File "C:\Users\krzysztof.nowak\Documents\dbt-test2\dbt-env\Lib\site-packages\click\termui.py", line 147, in prompt_func
    raise Abort() from None
click.exceptions.Abort

[0m13:46:16.489276 [debug] [MainThread]: Command `dbt init` failed at 13:46:16.489276 after 32.11 seconds
[0m13:46:16.490277 [debug] [MainThread]: Sending event: {'category': 'dbt', 'action': 'invocation', 'label': 'end', 'context': [<snowplow_tracker.self_describing_json.SelfDescribingJson object at 0x0000023C5C68DE90>, <snowplow_tracker.self_describing_json.SelfDescribingJson object at 0x0000023C5D185090>, <snowplow_tracker.self_describing_json.SelfDescribingJson object at 0x0000023C5D184890>]}
[0m13:46:16.490277 [debug] [MainThread]: Flushing usage events
[0m14:48:18.286241 [debug] [MainThread]: Sending event: {'category': 'dbt', 'action': 'invocation', 'label': 'start', 'context': [<snowplow_tracker.self_describing_json.SelfDescribingJson object at 0x0000020EE1933690>, <snowplow_tracker.self_describing_json.SelfDescribingJson object at 0x0000020EDF1E2F50>, <snowplow_tracker.self_describing_json.SelfDescribingJson object at 0x0000020EE187A010>]}


============================== 14:48:18.289879 | a1f2cb1f-d5b8-4e93-8eab-73c384f89fff ==============================
[0m14:48:18.289879 [info ] [MainThread]: Running with dbt=1.6.2
[0m14:48:18.289879 [debug] [MainThread]: running dbt with arguments {'printer_width': '80', 'indirect_selection': 'eager', 'write_json': 'True', 'log_cache_events': 'False', 'partial_parse': 'True', 'cache_selected_only': 'False', 'profiles_dir': 'C:\\Users\\krzysztof.nowak\\.dbt', 'fail_fast': 'False', 'version_check': 'True', 'log_path': 'logs', 'warn_error': 'None', 'debug': 'False', 'use_colors': 'True', 'use_experimental_parser': 'False', 'no_print': 'None', 'quiet': 'False', 'warn_error_options': 'WarnErrorOptions(include=[], exclude=[])', 'static_parser': 'True', 'log_format': 'default', 'introspect': 'True', 'target_path': 'None', 'invocation_command': 'dbt debug', 'send_anonymous_usage_stats': 'True'}
[0m14:48:18.292324 [info ] [MainThread]: dbt version: 1.6.2
[0m14:48:18.293515 [info ] [MainThread]: python version: 3.11.5
[0m14:48:18.293515 [info ] [MainThread]: python path: C:\Users\krzysztof.nowak\Documents\dbt-test2\dbt-env\Scripts\python.exe
[0m14:48:18.294564 [info ] [MainThread]: os info: Windows-10-10.0.22621-SP0
[0m14:48:18.390543 [info ] [MainThread]: Using profiles dir at C:\Users\krzysztof.nowak\.dbt
[0m14:48:18.391545 [info ] [MainThread]: Using profiles.yml file at C:\Users\krzysztof.nowak\.dbt\profiles.yml
[0m14:48:18.392544 [info ] [MainThread]: Using dbt_project.yml file at C:\Users\krzysztof.nowak\Documents\dbt-test2\dbt_project.yml
[0m14:48:18.392544 [info ] [MainThread]: adapter type: redshift
[0m14:48:18.393544 [info ] [MainThread]: adapter version: 1.6.1
[0m14:48:18.393544 [info ] [MainThread]: Configuration:
[0m14:48:18.394544 [info ] [MainThread]:   profiles.yml file [[32mOK found and valid[0m]
[0m14:48:18.394544 [info ] [MainThread]:   dbt_project.yml file [[31mERROR not found[0m]
[0m14:48:18.394544 [info ] [MainThread]: Required dependencies:
[0m14:48:18.395545 [debug] [MainThread]: Executing "git --help"
[0m14:48:18.429145 [debug] [MainThread]: STDOUT: "b"usage: git [-v | --version] [-h | --help] [-C <path>] [-c <name>=<value>]\n           [--exec-path[=<path>]] [--html-path] [--man-path] [--info-path]\n           [-p | --paginate | -P | --no-pager] [--no-replace-objects] [--bare]\n           [--git-dir=<path>] [--work-tree=<path>] [--namespace=<name>]\n           [--config-env=<name>=<envvar>] <command> [<args>]\n\nThese are common Git commands used in various situations:\n\nstart a working area (see also: git help tutorial)\n   clone     Clone a repository into a new directory\n   init      Create an empty Git repository or reinitialize an existing one\n\nwork on the current change (see also: git help everyday)\n   add       Add file contents to the index\n   mv        Move or rename a file, a directory, or a symlink\n   restore   Restore working tree files\n   rm        Remove files from the working tree and from the index\n\nexamine the history and state (see also: git help revisions)\n   bisect    Use binary search to find the commit that introduced a bug\n   diff      Show changes between commits, commit and working tree, etc\n   grep      Print lines matching a pattern\n   log       Show commit logs\n   show      Show various types of objects\n   status    Show the working tree status\n\ngrow, mark and tweak your common history\n   branch    List, create, or delete branches\n   commit    Record changes to the repository\n   merge     Join two or more development histories together\n   rebase    Reapply commits on top of another base tip\n   reset     Reset current HEAD to the specified state\n   switch    Switch branches\n   tag       Create, list, delete or verify a tag object signed with GPG\n\ncollaborate (see also: git help workflows)\n   fetch     Download objects and refs from another repository\n   pull      Fetch from and integrate with another repository or a local branch\n   push      Update remote refs along with associated objects\n\n'git help -a' and 'git help -g' list available subcommands and some\nconcept guides. See 'git help <command>' or 'git help <concept>'\nto read about a specific subcommand or concept.\nSee 'git help git' for an overview of the system.\n""
[0m14:48:18.429678 [debug] [MainThread]: STDERR: "b''"
[0m14:48:18.429678 [info ] [MainThread]:  - git [[32mOK found[0m]

[0m14:48:18.431200 [info ] [MainThread]: Connection:
[0m14:48:18.431200 [info ] [MainThread]:   host: dbtredshiftcluster-lgmxqlhteoum.us-east-1.redshift.amazonaws.com
[0m14:48:18.431200 [info ] [MainThread]:   user: dbtadmin
[0m14:48:18.431200 [info ] [MainThread]:   port: 5439
[0m14:48:18.431200 [info ] [MainThread]:   database: dbtworkshop
[0m14:48:18.431200 [info ] [MainThread]:   method: database
[0m14:48:18.431200 [info ] [MainThread]:   cluster_id: None
[0m14:48:18.431200 [info ] [MainThread]:   iam_profile: None
[0m14:48:18.431200 [info ] [MainThread]:   schema: jaffle_shop
[0m14:48:18.431200 [info ] [MainThread]:   sslmode: prefer
[0m14:48:18.431200 [info ] [MainThread]:   region: None
[0m14:48:18.437710 [info ] [MainThread]:   sslmode: prefer
[0m14:48:18.437710 [info ] [MainThread]:   region: None
[0m14:48:18.437710 [info ] [MainThread]:   iam_profile: None
[0m14:48:18.438751 [info ] [MainThread]:   autocreate: False
[0m14:48:18.438751 [info ] [MainThread]:   db_groups: []
[0m14:48:18.438751 [info ] [MainThread]:   ra3_node: False
[0m14:48:18.438751 [info ] [MainThread]:   connect_timeout: None
[0m14:48:18.440782 [info ] [MainThread]:   role: None
[0m14:48:18.441792 [info ] [MainThread]:   retries: 1
[0m14:48:18.441792 [info ] [MainThread]:   autocommit: True
[0m14:48:18.441792 [info ] [MainThread]: Registered adapter: redshift=1.6.1
[0m14:48:18.442790 [debug] [MainThread]: Acquiring new redshift connection 'debug'
[0m14:48:18.446486 [debug] [MainThread]: Using redshift connection "debug"
[0m14:48:18.446486 [debug] [MainThread]: On debug: select 1 as id
[0m14:48:18.446486 [debug] [MainThread]: Opening a new connection, currently in state init
[0m14:48:18.448510 [debug] [MainThread]: Redshift adapter: Establishing connection using ssl with `sslmode` set to 'prefer'.To connect without ssl, set `sslmode` to 'disable'.
[0m14:48:18.449029 [debug] [MainThread]: Redshift adapter: Connecting to redshift with username/password based auth...
[0m14:48:21.788848 [debug] [MainThread]: Redshift adapter: Error running SQL: select 1 as id
[0m14:48:21.788848 [debug] [MainThread]: Redshift adapter: Rolling back transaction.
[0m14:48:21.788848 [debug] [MainThread]: On debug: No close available on handle
[0m14:48:21.788848 [info ] [MainThread]:   Connection test: [[31mERROR[0m]

[0m14:48:21.797962 [info ] [MainThread]: [31m1 check failed:[0m
[0m14:48:21.799307 [info ] [MainThread]: Project loading failed for the following reason:
 project path <C:\Users\krzysztof.nowak\Documents\dbt-test2\dbt_project.yml> not found

[0m14:48:21.800357 [debug] [MainThread]: Command `dbt debug` failed at 14:48:21.800357 after 3.54 seconds
[0m14:48:21.801404 [debug] [MainThread]: Connection 'debug' was properly closed.
[0m14:48:21.801404 [debug] [MainThread]: Sending event: {'category': 'dbt', 'action': 'invocation', 'label': 'end', 'context': [<snowplow_tracker.self_describing_json.SelfDescribingJson object at 0x0000020EDBF5B750>, <snowplow_tracker.self_describing_json.SelfDescribingJson object at 0x0000020EDBF5B650>, <snowplow_tracker.self_describing_json.SelfDescribingJson object at 0x0000020EE1933250>]}
[0m14:48:21.801927 [debug] [MainThread]: Flushing usage events
